2021-01-17 17:48:37,455 INFO notifyConnectTimeout:200

2021-01-17 17:48:38,171 INFO notifySocketTimeout:8000

2021-01-17 17:48:38,171 INFO isHealthCheck:true

2021-01-17 17:48:38,172 INFO maxHealthCheckFailCount:12

2021-01-17 17:48:38,172 INFO maxContent:10485760

2021-01-17 17:48:45,941 INFO use local db service for init

2021-01-17 17:48:48,649 WARN Lexical error at line 4, column 66.  Encountered: <EOF> after : "".

2021-01-17 17:48:48,669 WARN Syntax error: Encountered "*" at line 1, column 1.

2021-01-17 17:48:48,893 WARN Table/View 'CONFIG_INFO' already exists in Schema 'NACOS'.

2021-01-17 17:48:49,208 WARN Table/View 'HIS_CONFIG_INFO' already exists in Schema 'NACOS'.

2021-01-17 17:48:49,408 WARN Table/View 'CONFIG_INFO_BETA' already exists in Schema 'NACOS'.

2021-01-17 17:48:49,578 WARN Table/View 'CONFIG_INFO_TAG' already exists in Schema 'NACOS'.

2021-01-17 17:48:49,733 WARN Table/View 'CONFIG_INFO_AGGR' already exists in Schema 'NACOS'.

2021-01-17 17:48:49,875 WARN Table/View 'APP_LIST' already exists in Schema 'NACOS'.

2021-01-17 17:48:50,040 WARN Table/View 'APP_CONFIGDATA_RELATION_SUBS' already exists in Schema 'NACOS'.

2021-01-17 17:48:50,200 WARN Table/View 'APP_CONFIGDATA_RELATION_PUBS' already exists in Schema 'NACOS'.

2021-01-17 17:48:50,357 WARN Table/View 'CONFIG_TAGS_RELATION' already exists in Schema 'NACOS'.

2021-01-17 17:48:50,591 WARN Table/View 'GROUP_CAPACITY' already exists in Schema 'NACOS'.

2021-01-17 17:48:50,741 WARN Table/View 'TENANT_CAPACITY' already exists in Schema 'NACOS'.

2021-01-17 17:48:50,983 WARN Table/View 'TENANT_INFO' already exists in Schema 'NACOS'.

2021-01-17 17:48:51,141 WARN Table/View 'USERS' already exists in Schema 'NACOS'.

2021-01-17 17:48:51,291 WARN Table/View 'ROLES' already exists in Schema 'NACOS'.

2021-01-17 17:48:51,499 WARN Table/View 'PERMISSIONS' already exists in Schema 'NACOS'.

2021-01-17 17:48:51,591 WARN The statement was aborted because it would have caused a duplicate key value in a unique or primary key constraint or unique index identified by 'SQL201223223319070' defined on 'USERS'.

2021-01-17 17:48:51,599 WARN The statement was aborted because it would have caused a duplicate key value in a unique or primary key constraint or unique index identified by 'UK_USERNAME_ROLE' defined on 'ROLES'.

2021-01-17 17:48:51,600 INFO use StandaloneDatabaseOperateImpl

2021-01-17 17:48:53,309 WARN DumpService start

2021-01-17 17:48:53,311 INFO start clear all config-info.

2021-01-17 17:48:53,318 WARN clear all config-info failed.

2021-01-17 17:48:53,319 WARN clear all config-info-tenant failed.

2021-01-17 17:48:53,491 INFO [all-dump] 323463375715569664 / 323463375715569664

2021-01-17 17:48:53,491 INFO start clear all config-info-beta.

2021-01-17 17:48:53,491 WARN clear all config-info-beta failed.

2021-01-17 17:48:53,491 WARN clear all config-info-beta-tenant failed.

2021-01-17 17:48:53,539 INFO start clear all config-info-tag.

2021-01-17 17:48:53,540 WARN clear all config-info-tag failed.

2021-01-17 17:48:53,540 WARN clear all config-info-tag-tenant failed.

