2021-01-17 17:49:23,600 INFO PERFORMANCE:|0|0|-1|-1

2021-01-17 17:54:24,184 INFO PERFORMANCE:|0|0|-1|-1

2021-01-17 17:59:24,186 INFO PERFORMANCE:|0|0|-1|-1

2021-01-17 18:04:24,188 INFO PERFORMANCE:|0|0|-1|-1

2021-01-17 18:09:24,189 INFO PERFORMANCE:|0|0|-1|-1

2021-01-17 18:14:24,191 INFO PERFORMANCE:|1|1|-1|-1

2021-01-17 18:19:24,192 INFO PERFORMANCE:|2|2|-1|-1

2021-01-17 18:24:24,193 INFO PERFORMANCE:|2|2|-1|-1

2021-01-17 18:29:24,195 INFO PERFORMANCE:|2|2|-1|-1

2021-01-17 18:34:24,196 INFO PERFORMANCE:|2|2|-1|-1

2021-01-17 18:39:24,197 INFO PERFORMANCE:|2|2|-1|-1

2021-01-17 18:44:24,198 INFO PERFORMANCE:|2|2|-1|-1

2021-01-17 18:49:24,199 INFO PERFORMANCE:|2|2|-1|-1

2021-01-17 18:54:24,201 INFO PERFORMANCE:|2|2|-1|-1

2021-01-17 18:59:24,202 INFO PERFORMANCE:|2|2|-1|-1

2021-01-17 19:04:24,203 INFO PERFORMANCE:|2|2|-1|-1

2021-01-17 19:09:24,204 INFO PERFORMANCE:|2|2|-1|-1

2021-01-17 19:14:24,206 INFO PERFORMANCE:|2|2|-1|-1

2021-01-17 19:19:24,207 INFO PERFORMANCE:|2|2|-1|-1

2021-01-17 19:24:24,209 INFO PERFORMANCE:|2|2|-1|-1

2021-01-17 19:29:24,210 INFO PERFORMANCE:|2|2|-1|-1

2021-01-17 19:34:24,212 INFO PERFORMANCE:|2|0|-1|-1

2021-01-17 19:39:24,213 INFO PERFORMANCE:|0|0|-1|-1

2021-01-17 19:44:24,215 INFO PERFORMANCE:|0|0|-1|-1

2021-01-17 19:49:24,215 INFO PERFORMANCE:|0|0|-1|-1

2021-01-17 19:54:24,217 INFO PERFORMANCE:|0|0|-1|-1

2021-01-17 19:59:24,219 INFO PERFORMANCE:|0|0|-1|-1

2021-01-17 20:04:24,219 INFO PERFORMANCE:|0|0|-1|-1

2021-01-17 20:09:24,221 INFO PERFORMANCE:|0|0|-1|-1

2021-01-17 20:14:24,222 INFO PERFORMANCE:|0|0|-1|-1

2021-01-17 20:19:24,223 INFO PERFORMANCE:|0|0|-1|-1

2021-01-17 20:24:24,224 INFO PERFORMANCE:|0|0|-1|-1

2021-01-17 20:29:24,226 INFO PERFORMANCE:|0|0|-1|-1

2021-01-17 20:34:24,227 INFO PERFORMANCE:|0|0|-1|-1

2021-01-17 20:39:24,229 INFO PERFORMANCE:|0|0|-1|-1

2021-01-17 20:44:24,231 INFO PERFORMANCE:|0|0|-1|-1

2021-01-17 20:49:24,232 INFO PERFORMANCE:|0|0|-1|-1

2021-01-17 20:54:24,232 INFO PERFORMANCE:|0|0|-1|-1

2021-01-17 20:59:24,232 INFO PERFORMANCE:|0|0|-1|-1

2021-01-17 21:04:24,234 INFO PERFORMANCE:|0|0|-1|-1

2021-01-17 21:09:24,235 INFO PERFORMANCE:|0|0|-1|-1

2021-01-17 21:14:24,236 INFO PERFORMANCE:|0|0|-1|-1

2021-01-17 21:19:24,237 INFO PERFORMANCE:|0|0|-1|-1

2021-01-17 21:24:24,239 INFO PERFORMANCE:|0|0|-1|-1

2021-01-17 21:29:24,239 INFO PERFORMANCE:|0|0|-1|-1

2021-01-17 21:34:24,241 INFO PERFORMANCE:|0|0|-1|-1

2021-01-17 21:39:24,243 INFO PERFORMANCE:|0|0|-1|-1

2021-01-17 21:44:24,245 INFO PERFORMANCE:|0|0|-1|-1

2021-01-17 21:49:24,246 INFO PERFORMANCE:|0|0|-1|-1

2021-01-17 21:54:24,247 INFO PERFORMANCE:|0|0|-1|-1

2021-01-17 21:59:24,249 INFO PERFORMANCE:|0|0|-1|-1

2021-01-17 22:04:24,250 INFO PERFORMANCE:|0|0|-1|-1

2021-01-17 22:09:24,252 INFO PERFORMANCE:|0|0|-1|-1

2021-01-17 22:14:24,252 INFO PERFORMANCE:|0|0|-1|-1

2021-01-17 22:19:24,253 INFO PERFORMANCE:|0|0|-1|-1

2021-01-17 22:24:24,255 INFO PERFORMANCE:|0|0|-1|-1

2021-01-17 22:29:24,256 INFO PERFORMANCE:|0|0|-1|-1

2021-01-17 22:34:24,258 INFO PERFORMANCE:|0|0|-1|-1

2021-01-17 22:39:24,259 INFO PERFORMANCE:|0|0|-1|-1

2021-01-17 22:44:24,261 INFO PERFORMANCE:|0|0|-1|-1

2021-01-17 22:49:24,261 INFO PERFORMANCE:|0|0|-1|-1

2021-01-17 22:54:24,262 INFO PERFORMANCE:|1|1|-1|-1

